# JRE version: Java(TM) SE Runtime Environment (21.0.2+13) (build 21.0.2+13-LTS-58)
# Java VM: Java HotSpot(TM) 64-Bit Server VM (21.0.2+13-LTS-58, mixed mode, sharing, tiered, compressed oops, compressed class ptrs, g1 gc, windows-amd64)
GC Precious Log:
 CardTable entry size: 512
 Card Set container configuration: InlinePtr #cards 4 size 8 Array Of Cards #cards 16 size 48 Howl #buckets 8 coarsen threshold 3686 Howl Bitmap #cards 512 size 80 coarsen threshold 460 Card regions per heap region 1 cards per card region 4096
 CPUs: 16 total, 16 available
 Memory: 16004M
 Large Page Support: Disabled
 NUMA Support: Disabled
 Compressed Oops: Enabled (Zero based)
 Heap Region Size: 2M
 Heap Min Capacity: 8M
 Heap Initial Capacity: 252M
 Heap Max Capacity: 4002M
 Pre-touch: Disabled
 Parallel Workers: 13
 Concurrent Workers: 3
 Concurrent Refinement Workers: 13
 Periodic GC: Disabled
Heap:
 garbage-first heap   total 157696K, used 35140K [0x0000000705e00000, 0x0000000800000000)
  region size 2048K, 8 young (16384K), 2 survivors (4096K)
 Metaspace       used 25015K, committed 25472K, reserved 1114112K
  class space    used 3472K, committed 3648K, reserved 1048576K
GC Heap History (20 events):
Event: 31.508 GC heap before
{Heap before GC invocations=56 (full 0):
 garbage-first heap   total 55296K, used 44786K [0x0000000705e00000, 0x0000000800000000)
  region size 2048K, 13 young (26624K), 2 survivors (4096K)
 Metaspace       used 24964K, committed 25408K, reserved 1114112K
  class space    used 3472K, committed 3648K, reserved 1048576K
}
Event: 31.517 GC heap after
{Heap after GC invocations=57 (full 0):
 garbage-first heap   total 55296K, used 22184K [0x0000000705e00000, 0x0000000800000000)
  region size 2048K, 1 young (2048K), 1 survivors (2048K)
 Metaspace       used 24964K, committed 25408K, reserved 1114112K
  class space    used 3472K, committed 3648K, reserved 1048576K
}
Event: 31.979 GC heap before
{Heap before GC invocations=57 (full 0):
 garbage-first heap   total 55296K, used 48808K [0x0000000705e00000, 0x0000000800000000)
  region size 2048K, 14 young (28672K), 1 survivors (2048K)
 Metaspace       used 24964K, committed 25408K, reserved 1114112K
  class space    used 3472K, committed 3648K, reserved 1048576K
}
Event: 31.983 GC heap after
{Heap after GC invocations=58 (full 0):
 garbage-first heap   total 55296K, used 22454K [0x0000000705e00000, 0x0000000800000000)
  region size 2048K, 2 young (4096K), 2 survivors (4096K)
 Metaspace       used 24964K, committed 25408K, reserved 1114112K
  class space    used 3472K, committed 3648K, reserved 1048576K
}
Event: 32.397 GC heap before
{Heap before GC invocations=58 (full 0):
 garbage-first heap   total 55296K, used 44982K [0x0000000705e00000, 0x0000000800000000)
  region size 2048K, 13 young (26624K), 2 survivors (4096K)
 Metaspace       used 24964K, committed 25408K, reserved 1114112K
  class space    used 3472K, committed 3648K, reserved 1048576K
}
Event: 32.405 GC heap after
{Heap after GC invocations=59 (full 0):
 garbage-first heap   total 55296K, used 22437K [0x0000000705e00000, 0x0000000800000000)
  region size 2048K, 1 young (2048K), 1 survivors (2048K)
 Metaspace       used 24964K, committed 25408K, reserved 1114112K
  class space    used 3472K, committed 3648K, reserved 1048576K
}
Event: 32.900 GC heap before
{Heap before GC invocations=59 (full 0):
 garbage-first heap   total 55296K, used 49061K [0x0000000705e00000, 0x0000000800000000)
  region size 2048K, 14 young (28672K), 1 survivors (2048K)
 Metaspace       used 24964K, committed 25408K, reserved 1114112K
  class space    used 3472K, committed 3648K, reserved 1048576K
}
Event: 32.905 GC heap after
{Heap after GC invocations=60 (full 0):
 garbage-first heap   total 157696K, used 22820K [0x0000000705e00000, 0x0000000800000000)
  region size 2048K, 2 young (4096K), 2 survivors (4096K)
 Metaspace       used 24964K, committed 25408K, reserved 1114112K
  class space    used 3472K, committed 3648K, reserved 1048576K
}
Event: 34.977 GC heap before
{Heap before GC invocations=60 (full 0):
 garbage-first heap   total 157696K, used 112932K [0x0000000705e00000, 0x0000000800000000)
  region size 2048K, 46 young (94208K), 2 survivors (4096K)
 Metaspace       used 24964K, committed 25408K, reserved 1114112K
  class space    used 3472K, committed 3648K, reserved 1048576K
}
Event: 34.982 GC heap after
{Heap after GC invocations=61 (full 0):
 garbage-first heap   total 157696K, used 23685K [0x0000000705e00000, 0x0000000800000000)
  region size 2048K, 2 young (4096K), 2 survivors (4096K)
 Metaspace       used 24964K, committed 25408K, reserved 1114112K
  class space    used 3472K, committed 3648K, reserved 1048576K
}
Event: 37.109 GC heap before
{Heap before GC invocations=61 (full 0):
 garbage-first heap   total 157696K, used 113797K [0x0000000705e00000, 0x0000000800000000)
  region size 2048K, 46 young (94208K), 2 survivors (4096K)
 Metaspace       used 24970K, committed 25408K, reserved 1114112K
  class space    used 3472K, committed 3648K, reserved 1048576K
}
Event: 37.122 GC heap after
{Heap after GC invocations=62 (full 0):
 garbage-first heap   total 157696K, used 24335K [0x0000000705e00000, 0x0000000800000000)
  region size 2048K, 2 young (4096K), 2 survivors (4096K)
 Metaspace       used 24970K, committed 25408K, reserved 1114112K
  class space    used 3472K, committed 3648K, reserved 1048576K
}
Event: 38.883 GC heap before
{Heap before GC invocations=62 (full 0):
 garbage-first heap   total 157696K, used 114447K [0x0000000705e00000, 0x0000000800000000)
  region size 2048K, 46 young (94208K), 2 survivors (4096K)
 Metaspace       used 25004K, committed 25408K, reserved 1114112K
  class space    used 3472K, committed 3648K, reserved 1048576K
}
Event: 38.891 GC heap after
{Heap after GC invocations=63 (full 0):
 garbage-first heap   total 157696K, used 24683K [0x0000000705e00000, 0x0000000800000000)
  region size 2048K, 2 young (4096K), 2 survivors (4096K)
 Metaspace       used 25004K, committed 25408K, reserved 1114112K
  class space    used 3472K, committed 3648K, reserved 1048576K
}
Event: 40.627 GC heap before
{Heap before GC invocations=63 (full 0):
 garbage-first heap   total 157696K, used 114795K [0x0000000705e00000, 0x0000000800000000)
  region size 2048K, 46 young (94208K), 2 survivors (4096K)
 Metaspace       used 25008K, committed 25408K, reserved 1114112K
  class space    used 3472K, committed 3648K, reserved 1048576K
}
Event: 40.635 GC heap after
{Heap after GC invocations=64 (full 0):
 garbage-first heap   total 157696K, used 24883K [0x0000000705e00000, 0x0000000800000000)
  region size 2048K, 2 young (4096K), 2 survivors (4096K)
 Metaspace       used 25008K, committed 25408K, reserved 1114112K
  class space    used 3472K, committed 3648K, reserved 1048576K
}
Event: 42.420 GC heap before
{Heap before GC invocations=64 (full 0):
 garbage-first heap   total 157696K, used 114995K [0x0000000705e00000, 0x0000000800000000)
  region size 2048K, 46 young (94208K), 2 survivors (4096K)
 Metaspace       used 25008K, committed 25408K, reserved 1114112K
  class space    used 3472K, committed 3648K, reserved 1048576K
}
Event: 42.429 GC heap after
{Heap after GC invocations=65 (full 0):
 garbage-first heap   total 157696K, used 24794K [0x0000000705e00000, 0x0000000800000000)
  region size 2048K, 2 young (4096K), 2 survivors (4096K)
 Metaspace       used 25008K, committed 25408K, reserved 1114112K
  class space    used 3472K, committed 3648K, reserved 1048576K
}
Event: 44.208 GC heap before
{Heap before GC invocations=65 (full 0):
 garbage-first heap   total 157696K, used 114906K [0x0000000705e00000, 0x0000000800000000)
  region size 2048K, 46 young (94208K), 2 survivors (4096K)
 Metaspace       used 25015K, committed 25472K, reserved 1114112K
  class space    used 3472K, committed 3648K, reserved 1048576K
}
Event: 44.219 GC heap after
{Heap after GC invocations=66 (full 0):
 garbage-first heap   total 157696K, used 24900K [0x0000000705e00000, 0x0000000800000000)
  region size 2048K, 2 young (4096K), 2 survivors (4096K)
 Metaspace       used 25015K, committed 25472K, reserved 1114112K
  class space    used 3472K, committed 3648K, reserved 1048576K
}

